[Licensing::Module] Trying to connect to existing licensing client channel...
[Licensing::IpcConnector] Successfully connected to the License Client on channel: "LicenseClient-foxgen" at "2024-09-10T13:07:59.471857Z"
[Licensing::Client] Error: HandshakeResponse reported an error:
	ResponseCode: 505
	ResponseStatus: Unsupported protocol version '1.15.5'.
[Licensing::Module] Error: Failed to handshake to channel: "LicenseClient-foxgen"
[Licensing::IpcConnector] License Client channel disconnected successfully.
[Licensing::IpcConnector] Connection attempt to the License Client on channel: "LicenseClient-foxgen-2022.3.38" failed because channel doesn't exist; code: "0x80000002"
[Licensing::Module] Successfully launched the LicensingClient (PId: 24860)
[Licensing::IpcConnector] Successfully connected to the License Client on channel: "LicenseClient-foxgen-2022.3.38" at "2024-09-10T13:08:01.9342132Z"
[Licensing::Client] Error: Code 10 while verifying Licensing Client signature (process Id: 24860, path: "C:/Program Files/Unity/Hub/Editor/2022.3.38f1/Editor/Data/Resources/Licensing/Client/Unity.Licensing.Client.exe")
[Licensing::Module] Error: LicensingClient has failed validation; ignoring
[Licensing::Client] Handshaking with LicensingClient:
  Version:                 1.15.5+a2f8afb
  Session Id:              3a73de0465e04131945025ce319ee7d3
  Correlation Id:          b1a091dc9d106fca98510453406435c0
  External correlation Id: 3388501519356786510
  Machine Id:              VWnlJ9rECaPjFt81bHl4ZFDfxrM=
[Licensing::Module] Successfully connected to LicensingClient on channel: "LicenseClient-foxgen-2022.3.38" (connect: 1.18s, validation: 0.07s, handshake: 0.02s)
[Licensing::IpcConnector] Successfully connected to the License Notification on channel: "LicenseClient-foxgen-2022.3.38-notifications" at "2024-09-10T13:08:02.0222522Z"
[Licensing::Module] Connected to LicensingClient (PId: 24860, launch time: 0.01, total connection time: 1.27s)
[Licensing::Module] Error: Access token is unavailable; failed to update
[Licensing::Client] Successfully updated license
Built from '2022.3/staging' branch; Version is '2022.3.38f1 (c5d5a7410213) revision 12965287'; Using compiler version '192829333'; Build Type 'Release'
OS: 'Windows 10  (10.0.19045) 64bit Professional' Language: 'ru' Physical Memory: 16287 MB
[Licensing::Client] Successfully resolved entitlements
[Licensing::Module] Serial number assigned to: "F4-JHJR-9PVD-7SNA-K5JF-XXXX"
BatchMode: 1, IsHumanControllingUs: 0, StartBugReporterOnCrash: 0, Is64bit: 1, IsPro: 0

COMMAND LINE ARGUMENTS:
Unity
-quit
-batchmode
-projectpath
C:\Users\foxgen\Horror
-buildWindowsPlayer
C:\Users\foxgen\Horror\target\Horror.exe
-logFile
C:\Users\foxgen\Horror\buildlogs\logs.log
Successfully changed project path to: C:\Users\foxgen\Horror
C:/Users/foxgen/Horror
[UnityMemory] Configuration Parameters - Can be set up in boot.config
    "memorysetup-bucket-allocator-granularity=16"
    "memorysetup-bucket-allocator-bucket-count=8"
    "memorysetup-bucket-allocator-block-size=33554432"
    "memorysetup-bucket-allocator-block-count=8"
    "memorysetup-main-allocator-block-size=16777216"
    "memorysetup-thread-allocator-block-size=16777216"
    "memorysetup-gfx-main-allocator-block-size=16777216"
    "memorysetup-gfx-thread-allocator-block-size=16777216"
    "memorysetup-cache-allocator-block-size=4194304"
    "memorysetup-typetree-allocator-block-size=2097152"
    "memorysetup-profiler-bucket-allocator-granularity=16"
    "memorysetup-profiler-bucket-allocator-bucket-count=8"
    "memorysetup-profiler-bucket-allocator-block-size=33554432"
    "memorysetup-profiler-bucket-allocator-block-count=8"
    "memorysetup-profiler-allocator-block-size=16777216"
    "memorysetup-profiler-editor-allocator-block-size=1048576"
    "memorysetup-temp-allocator-size-main=16777216"
    "memorysetup-job-temp-allocator-block-size=2097152"
    "memorysetup-job-temp-allocator-block-size-background=1048576"
    "memorysetup-job-temp-allocator-reduction-small-platforms=262144"
    "memorysetup-allocator-temp-initial-block-size-main=262144"
    "memorysetup-allocator-temp-initial-block-size-worker=262144"
    "memorysetup-temp-allocator-size-background-worker=32768"
    "memorysetup-temp-allocator-size-job-worker=262144"
    "memorysetup-temp-allocator-size-preload-manager=33554432"
    "memorysetup-temp-allocator-size-nav-mesh-worker=65536"
    "memorysetup-temp-allocator-size-audio-worker=65536"
    "memorysetup-temp-allocator-size-cloud-worker=32768"
    "memorysetup-temp-allocator-size-gi-baking-worker=262144"
    "memorysetup-temp-allocator-size-gfx=262144"
Player connection [24288]  Target information:

Player connection [24288]  * "[IP] 172.30.32.1 [Port] 55504 [Flags] 2 [Guid] 3426349531 [EditorId] 3426349531 [Version] 1048832 [Id] WindowsEditor(7,DESKTOP-CJCC8C0) [Debug] 1 [PackageName] WindowsEditor [ProjectName] Editor" 

Player connection [24288]  * "[IP] 192.168.56.1 [Port] 55504 [Flags] 2 [Guid] 3426349531 [EditorId] 3426349531 [Version] 1048832 [Id] WindowsEditor(7,DESKTOP-CJCC8C0) [Debug] 1 [PackageName] WindowsEditor [ProjectName] Editor" 

Player connection [24288]  * "[IP] 192.168.0.3 [Port] 55504 [Flags] 2 [Guid] 3426349531 [EditorId] 3426349531 [Version] 1048832 [Id] WindowsEditor(7,DESKTOP-CJCC8C0) [Debug] 1 [PackageName] WindowsEditor [ProjectName] Editor" 

Player connection [24288] Host joined multi-casting on [225.0.0.222:54997]...
Player connection [24288] Host joined alternative multi-casting on [225.0.0.222:34997]...
[PhysX] Initialized MultithreadedTaskDispatcher with 28 workers.
[Package Manager] UpmClient::Connect -- Connected to IPC stream "Upm-30776" after 0.7 seconds.
[Licensing::Client] Successfully resolved entitlements
[Package Manager] Restoring resolved packages state from cache
[Licensing::Client] Successfully resolved entitlement details
[Package Manager] Registered 53 packages:
  Packages from [https://packages.unity.com]:
    com.unity.ai.navigation@1.1.5 (location: C:\Users\foxgen\Horror\Library\PackageCache\com.unity.ai.navigation@1.1.5)
    com.unity.cinemachine@2.10.1 (location: C:\Users\foxgen\Horror\Library\PackageCache\com.unity.cinemachine@2.10.1)
    com.unity.collab-proxy@2.4.4 (location: C:\Users\foxgen\Horror\Library\PackageCache\com.unity.collab-proxy@2.4.4)
    com.unity.ide.rider@3.0.31 (location: C:\Users\foxgen\Horror\Library\PackageCache\com.unity.ide.rider@3.0.31)
    com.unity.ide.visualstudio@2.0.22 (location: C:\Users\foxgen\Horror\Library\PackageCache\com.unity.ide.visualstudio@2.0.22)
    com.unity.ide.vscode@1.2.5 (location: C:\Users\foxgen\Horror\Library\PackageCache\com.unity.ide.vscode@1.2.5)
    com.unity.inputsystem@1.7.0 (location: C:\Users\foxgen\Horror\Library\PackageCache\com.unity.inputsystem@1.7.0)
    com.unity.nuget.newtonsoft-json@3.2.1 (location: C:\Users\foxgen\Horror\Library\PackageCache\com.unity.nuget.newtonsoft-json@3.2.1)
    com.unity.test-framework@1.1.33 (location: C:\Users\foxgen\Horror\Library\PackageCache\com.unity.test-framework@1.1.33)
    com.unity.textmeshpro@3.0.6 (location: C:\Users\foxgen\Horror\Library\PackageCache\com.unity.textmeshpro@3.0.6)
    com.unity.timeline@1.7.6 (location: C:\Users\foxgen\Horror\Library\PackageCache\com.unity.timeline@1.7.6)
    com.unity.visualscripting@1.9.4 (location: C:\Users\foxgen\Horror\Library\PackageCache\com.unity.visualscripting@1.9.4)
    com.unity.ext.nunit@1.0.6 (location: C:\Users\foxgen\Horror\Library\PackageCache\com.unity.ext.nunit@1.0.6)
    com.unity.mathematics@1.2.6 (location: C:\Users\foxgen\Horror\Library\PackageCache\com.unity.mathematics@1.2.6)
    com.unity.burst@1.8.16 (location: C:\Users\foxgen\Horror\Library\PackageCache\com.unity.burst@1.8.16)
    com.unity.searcher@4.9.2 (location: C:\Users\foxgen\Horror\Library\PackageCache\com.unity.searcher@4.9.2)
  Built-in packages:
    com.unity.render-pipelines.universal@14.0.11 (location: C:\Users\foxgen\Horror\Library\PackageCache\com.unity.render-pipelines.universal@14.0.11)
    com.unity.ugui@1.0.0 (location: C:\Users\foxgen\Horror\Library\PackageCache\com.unity.ugui@1.0.0)
    com.unity.modules.ai@1.0.0 (location: C:\Users\foxgen\Horror\Library\PackageCache\com.unity.modules.ai@1.0.0)
    com.unity.modules.androidjni@1.0.0 (location: C:\Users\foxgen\Horror\Library\PackageCache\com.unity.modules.androidjni@1.0.0)
    com.unity.modules.animation@1.0.0 (location: C:\Users\foxgen\Horror\Library\PackageCache\com.unity.modules.animation@1.0.0)
    com.unity.modules.assetbundle@1.0.0 (location: C:\Users\foxgen\Horror\Library\PackageCache\com.unity.modules.assetbundle@1.0.0)
    com.unity.modules.audio@1.0.0 (location: C:\Users\foxgen\Horror\Library\PackageCache\com.unity.modules.audio@1.0.0)
    com.unity.modules.cloth@1.0.0 (location: C:\Users\foxgen\Horror\Library\PackageCache\com.unity.modules.cloth@1.0.0)
    com.unity.modules.director@1.0.0 (location: C:\Users\foxgen\Horror\Library\PackageCache\com.unity.modules.director@1.0.0)
    com.unity.modules.imageconversion@1.0.0 (location: C:\Users\foxgen\Horror\Library\PackageCache\com.unity.modules.imageconversion@1.0.0)
    com.unity.modules.imgui@1.0.0 (location: C:\Users\foxgen\Horror\Library\PackageCache\com.unity.modules.imgui@1.0.0)
    com.unity.modules.jsonserialize@1.0.0 (location: C:\Users\foxgen\Horror\Library\PackageCache\com.unity.modules.jsonserialize@1.0.0)
    com.unity.modules.particlesystem@1.0.0 (location: C:\Users\foxgen\Horror\Library\PackageCache\com.unity.modules.particlesystem@1.0.0)
    com.unity.modules.physics@1.0.0 (location: C:\Users\foxgen\Horror\Library\PackageCache\com.unity.modules.physics@1.0.0)
    com.unity.modules.physics2d@1.0.0 (location: C:\Users\foxgen\Horror\Library\PackageCache\com.unity.modules.physics2d@1.0.0)
    com.unity.modules.screencapture@1.0.0 (location: C:\Users\foxgen\Horror\Library\PackageCache\com.unity.modules.screencapture@1.0.0)
    com.unity.modules.terrain@1.0.0 (location: C:\Users\foxgen\Horror\Library\PackageCache\com.unity.modules.terrain@1.0.0)
    com.unity.modules.terrainphysics@1.0.0 (location: C:\Users\foxgen\Horror\Library\PackageCache\com.unity.modules.terrainphysics@1.0.0)
    com.unity.modules.tilemap@1.0.0 (location: C:\Users\foxgen\Horror\Library\PackageCache\com.unity.modules.tilemap@1.0.0)
    com.unity.modules.ui@1.0.0 (location: C:\Users\foxgen\Horror\Library\PackageCache\com.unity.modules.ui@1.0.0)
    com.unity.modules.uielements@1.0.0 (location: C:\Users\foxgen\Horror\Library\PackageCache\com.unity.modules.uielements@1.0.0)
    com.unity.modules.umbra@1.0.0 (location: C:\Users\foxgen\Horror\Library\PackageCache\com.unity.modules.umbra@1.0.0)
    com.unity.modules.unityanalytics@1.0.0 (location: C:\Users\foxgen\Horror\Library\PackageCache\com.unity.modules.unityanalytics@1.0.0)
    com.unity.modules.unitywebrequest@1.0.0 (location: C:\Users\foxgen\Horror\Library\PackageCache\com.unity.modules.unitywebrequest@1.0.0)
    com.unity.modules.unitywebrequestassetbundle@1.0.0 (location: C:\Users\foxgen\Horror\Library\PackageCache\com.unity.modules.unitywebrequestassetbundle@1.0.0)
    com.unity.modules.unitywebrequestaudio@1.0.0 (location: C:\Users\foxgen\Horror\Library\PackageCache\com.unity.modules.unitywebrequestaudio@1.0.0)
    com.unity.modules.unitywebrequesttexture@1.0.0 (location: C:\Users\foxgen\Horror\Library\PackageCache\com.unity.modules.unitywebrequesttexture@1.0.0)
    com.unity.modules.unitywebrequestwww@1.0.0 (location: C:\Users\foxgen\Horror\Library\PackageCache\com.unity.modules.unitywebrequestwww@1.0.0)
    com.unity.modules.vehicles@1.0.0 (location: C:\Users\foxgen\Horror\Library\PackageCache\com.unity.modules.vehicles@1.0.0)
    com.unity.modules.video@1.0.0 (location: C:\Users\foxgen\Horror\Library\PackageCache\com.unity.modules.video@1.0.0)
    com.unity.modules.vr@1.0.0 (location: C:\Users\foxgen\Horror\Library\PackageCache\com.unity.modules.vr@1.0.0)
    com.unity.modules.wind@1.0.0 (location: C:\Users\foxgen\Horror\Library\PackageCache\com.unity.modules.wind@1.0.0)
    com.unity.modules.xr@1.0.0 (location: C:\Users\foxgen\Horror\Library\PackageCache\com.unity.modules.xr@1.0.0)
    com.unity.modules.subsystems@1.0.0 (location: C:\Users\foxgen\Horror\Library\PackageCache\com.unity.modules.subsystems@1.0.0)
    com.unity.render-pipelines.core@14.0.11 (location: C:\Users\foxgen\Horror\Library\PackageCache\com.unity.render-pipelines.core@14.0.11)
    com.unity.shadergraph@14.0.11 (location: C:\Users\foxgen\Horror\Library\PackageCache\com.unity.shadergraph@14.0.11)
    com.unity.render-pipelines.universal-config@14.0.10 (location: C:\Users\foxgen\Horror\Library\PackageCache\com.unity.render-pipelines.universal-config@14.0.10)
[Subsystems] No new subsystems found in resolved package list.
Package Manager log level set to [2]
[Package Manager] Done registering packages in 0.12 seconds
Refreshing native plugins compatible for Editor in 18.71 ms, found 3 plugins.
Preloading 0 native plugins for Editor in 0.00 ms.
Initialize engine version: 2022.3.38f1 (c5d5a7410213)
[Subsystems] Discovering subsystems at path C:/Program Files/Unity/Hub/Editor/2022.3.38f1/Editor/Data/Resources/UnitySubsystems
[Subsystems] Discovering subsystems at path C:/Users/foxgen/Horror/Assets
GfxDevice: creating device client; threaded=0; jobified=0
Direct3D:
    Version:  Direct3D 11.0 [level 11.1]
    Renderer: NVIDIA GeForce RTX 4060 (ID=0x2882)
    Vendor:   NVIDIA
    VRAM:     7957 MB
    Driver:   32.0.15.6070
[Licensing::Client] Successfully resolved entitlements
Initialize mono
Mono path[0] = 'C:/Program Files/Unity/Hub/Editor/2022.3.38f1/Editor/Data/Managed'
Mono path[1] = 'C:/Program Files/Unity/Hub/Editor/2022.3.38f1/Editor/Data/MonoBleedingEdge/lib/mono/unityjit-win32'
Mono config path = 'C:/Program Files/Unity/Hub/Editor/2022.3.38f1/Editor/Data/MonoBleedingEdge/etc'
Using monoOptions --debugger-agent=transport=dt_socket,embedding=1,server=y,suspend=n,address=127.0.0.1:56776
Using cacheserver namespaces - metadata:defaultmetadata, artifacts:defaultartifacts
Using cacheserver namespaces - metadata:defaultmetadata, artifacts:defaultartifacts
ImportWorker Server TCP listen port: 0
Begin MonoManager ReloadAssembly
Registering precompiled unity dll's ...
Register platform support module: C:/Program Files/Unity/Hub/Editor/2022.3.38f1/Editor/Data/PlaybackEngines/WebGLSupport/UnityEditor.WebGL.Extensions.dll
[Licensing::Client] Successfully resolved entitlements
Register platform support module: C:/Program Files/Unity/Hub/Editor/2022.3.38f1/Editor/Data/PlaybackEngines/AndroidPlayer/UnityEditor.Android.Extensions.dll
Register platform support module: C:/Program Files/Unity/Hub/Editor/2022.3.38f1/Editor/Data/PlaybackEngines/WindowsStandaloneSupport/UnityEditor.WindowsStandalone.Extensions.dll
Registered in 0.030008 seconds.
- Loaded All Assemblies, in  0.539 seconds
Native extension for WindowsStandalone target not found
Native extension for Android target not found
Android Extension - Scanning For ADB Devices 2502 ms
Native extension for WebGL target not found
Mono: successfully reloaded assembly
- Finished resetting the current domain, in  3.042 seconds
Domain Reload Profiling: 3579ms
	BeginReloadAssembly (170ms)
		ExecutionOrderSort (0ms)
		DisableScriptedObjects (0ms)
		BackupInstance (0ms)
		ReleaseScriptingObjects (0ms)
		CreateAndSetChildDomain (1ms)
	RebuildCommonClasses (44ms)
	RebuildNativeTypeToScriptingClass (14ms)
	initialDomainReloadingComplete (102ms)
	LoadAllAssembliesAndSetupDomain (205ms)
		LoadAssemblies (169ms)
		RebuildTransferFunctionScriptingTraits (0ms)
		AnalyzeDomain (201ms)
			TypeCache.Refresh (199ms)
				TypeCache.ScanAssembly (181ms)
			ScanForSourceGeneratedMonoScriptInfo (1ms)
			ResolveRequiredComponents (1ms)
	FinalizeReload (3043ms)
		ReleaseScriptCaches (0ms)
		RebuildScriptCaches (0ms)
		SetupLoadedEditorAssemblies (2940ms)
			LogAssemblyErrors (0ms)
			InitializePlatformSupportModulesInManaged (2662ms)
			SetLoadedEditorAssemblies (7ms)
			RefreshPlugins (0ms)
			BeforeProcessingInitializeOnLoad (4ms)
			ProcessInitializeOnLoadAttributes (193ms)
			ProcessInitializeOnLoadMethodAttributes (73ms)
			AfterProcessingInitializeOnLoad (0ms)
			EditorAssembliesLoaded (0ms)
		ExecutionOrderSort2 (0ms)
		AwakeInstancesAfterBackupRestoration (0ms)
[Licensing::Client] Successfully resolved entitlements
Application.AssetDatabase Initial Refresh Start
Starting: C:\Program Files\Unity\Hub\Editor\2022.3.38f1\Editor\Data\bee_backend.exe --dont-print-to-structured-log --ipc --defer-dag-verification --dagfile="Library/Bee/500b0aEDbg.dag" --continue-on-failure --profile="Library/Bee/backend1.traceevents" ScriptAssemblies
WorkingDir: C:/Users/foxgen/Horror
DisplayProgressbar: Compiling Scripts
ExitCode: 0 Duration: 0s418ms
[355/646    0s] WriteResponseFile Library/Bee/artifacts/rsp/4747638433968585886.rsp
[510/646    0s] ILPP-Configuration Library/ilpp-configuration.nevergeneratedoutput
*** Tundra build success (0.36 seconds), 2 items updated, 646 evaluated
AssetDatabase: script compilation time: 1.341465s
Begin MonoManager ReloadAssembly
- Loaded All Assemblies, in  1.195 seconds
Refreshing native plugins compatible for Editor in 6.68 ms, found 3 plugins.
Preloading 0 native plugins for Editor in 0.00 ms.
Refreshing native plugins compatible for Editor in 7.49 ms, found 3 plugins.
Native extension for WindowsStandalone target not found
Native extension for Android target not found
Native extension for WebGL target not found
Mono: successfully reloaded assembly
- Finished resetting the current domain, in  7.634 seconds
Domain Reload Profiling: 8825ms
	BeginReloadAssembly (242ms)
		ExecutionOrderSort (0ms)
		DisableScriptedObjects (10ms)
		BackupInstance (0ms)
		ReleaseScriptingObjects (0ms)
		CreateAndSetChildDomain (51ms)
	RebuildCommonClasses (43ms)
	RebuildNativeTypeToScriptingClass (14ms)
	initialDomainReloadingComplete (45ms)
	LoadAllAssembliesAndSetupDomain (846ms)
		LoadAssemblies (577ms)
		RebuildTransferFunctionScriptingTraits (0ms)
		AnalyzeDomain (394ms)
			TypeCache.Refresh (334ms)
				TypeCache.ScanAssembly (302ms)
			ScanForSourceGeneratedMonoScriptInfo (36ms)
			ResolveRequiredComponents (22ms)
	FinalizeReload (7635ms)
		ReleaseScriptCaches (0ms)
		RebuildScriptCaches (0ms)
		SetupLoadedEditorAssemblies (7232ms)
			LogAssemblyErrors (0ms)
			InitializePlatformSupportModulesInManaged (40ms)
			SetLoadedEditorAssemblies (9ms)
			RefreshPlugins (0ms)
			BeforeProcessingInitializeOnLoad (194ms)
			ProcessInitializeOnLoadAttributes (6878ms)
			ProcessInitializeOnLoadMethodAttributes (100ms)
			AfterProcessingInitializeOnLoad (11ms)
			EditorAssembliesLoaded (0ms)
		ExecutionOrderSort2 (0ms)
		AwakeInstancesAfterBackupRestoration (8ms)
Asset Pipeline Refresh (id=a1ad26c54db49b549b92ced00675dc4c): Total: 13.194 seconds - Initiated by InitialRefreshV2(ForceSynchronousImport)
	Summary:
		Imports: total=0 (actual=0, local cache=0, cache server=0)
		Asset DB Process Time: managed=0 ms, native=2636 ms
		Asset DB Callback time: managed=32 ms, native=0 ms
		Scripting: domain reloads=1, domain reload time=9034 ms, compile time=1342 ms, other=148 ms
		Project Asset Count: scripts=7762, non-scripts=3610
		Asset File Changes: new=0, changed=0, moved=0, deleted=0
		Scan Filter Count: 0
	InvokeBeforeRefreshCallbacks: 0.969ms
	ApplyChangesToAssetFolders: 0.077ms
	Scan: 117.915ms
	OnSourceAssetsModified: 0.006ms
	GetAllGuidsForCategorization: 2.602ms
	CategorizeAssets: 322.372ms
	ImportOutOfDateAssets: 7725.440ms (6325.121ms without children)
		CompileScripts: 1341.596ms
		ReloadNativeAssets: 0.030ms
		UnloadImportedAssets: 50.915ms
		EnsureUptoDateAssetsAreRegisteredWithGuidPM: 4.334ms
		InitializingProgressBar: 0.007ms
		PostProcessAllAssetNotificationsAddChangedAssets: 0.001ms
		OnDemandSchedulerStart: 3.436ms
	PostProcessAllAssets: 32.327ms
	GatherAllCurrentPrimaryArtifactRevisions: 0.004ms
	UnloadStreamsBegin: 3.217ms
	PersistCurrentRevisions: 0.508ms
	UnloadStreamsEnd: 0.092ms
	GenerateScriptTypeHashes: 64.454ms
	Untracked: 4988.554ms
Application.AssetDatabase Initial Refresh End
Launched and connected shader compiler UnityShaderCompiler.exe after 0.14 seconds
Scanning for USB devices : 4.376ms
Initializing Unity extensions:
[Licensing::Client] Successfully resolved entitlements
[MODES] ModeService[none].Initialize
[MODES] ModeService[none].LoadModes
[MODES] Loading mode Default (0) for mode-current-id-Horror
[PhysX] Initialized MultithreadedTaskDispatcher with 28 workers.
ProgressiveSceneManager::Cancel()
Unloading 7 Unused Serialized files (Serialized files now loaded: 0)
Unloading 102 unused Assets / (0.8 MB). Loaded Objects now: 6575.
Memory consumption went from 178.5 MB to 177.7 MB.
Total: 15.659400 ms (FindLiveObjects: 0.726400 ms CreateObjectMapping: 0.453100 ms MarkObjects: 13.531800 ms  DeleteObjects: 0.946700 ms)

building x86 windows player!
Start importing ProjectSettings/ProjectSettings.asset using Guid(00000000000000004000000000000000) Importer(-1,00000000000000000000000000000000) [PhysX] Initialized MultithreadedTaskDispatcher with 28 workers.
 -> (artifact id: 'b27af700a1843bcbb90523bdabbe067f') in 0.014167 seconds
Start importing Assets/UHFPS/URP/UHFPS Ultra Quality.asset using Guid(212e9114b0179ca4ca7fb50e6e73cd05) Importer(-1,00000000000000000000000000000000) [PhysX] Initialized MultithreadedTaskDispatcher with 28 workers.
 -> (artifact id: '2a822a1986d6a6ac2900685eb952a4af') in 0.002606 seconds
Refreshing native plugins compatible for Editor in 7.04 ms, found 3 plugins.
Preloading 0 native plugins for Editor in 0.00 ms.
Asset Pipeline Refresh (id=feed6874c9a0ad644bf287f7c4741e3e): Total: 0.162 seconds - Initiated by StopAssetImportingV2(NoUpdateAssetOptions)
Starting: C:\Program Files\Unity\Hub\Editor\2022.3.38f1\Editor\Data\bee_backend.exe --dont-print-to-structured-log --ipc --defer-dag-verification --dagfile="Library/Bee/500b0aEDbgSkipCompile.dag" --continue-on-failure --profile="Library/Bee/backend1.traceevents" ScriptAssembliesAndTypeDB
WorkingDir: C:/Users/foxgen/Horror
ExitCode: 0 Duration: 0s167ms
*** Tundra build success (0.11 seconds), 0 items updated, 3 evaluated
Asset Pipeline Refresh (id=88d54bd2eab71164dbb9d1e2466cee34): Total: 0.011 seconds - Initiated by RefreshV2(NoUpdateAssetOptions)
[ScriptCompilation] Requested script compilation because: Recompiling scripts for player build.
BuildPlayer: start building target 5
Starting: C:\Program Files\Unity\Hub\Editor\2022.3.38f1\Editor\Data\bee_backend.exe --dont-print-to-structured-log --ipc --defer-dag-verification --dagfile="Library/Bee/500b0aP.dag" --continue-on-failure --profile="Library/Bee/backend1.traceevents" ScriptAssembliesAndTypeDB
WorkingDir: C:/Users/foxgen/Horror
ExitCode: 0 Duration: 0s775ms
[303/442    0s] WriteResponseFile Library/Bee/artifacts/rsp/4747638433968585886.rsp
[348/442    0s] CopyFiles Library/Bee/PlayerScriptAssemblies/UnityEngine.TestRunner.dll
[349/442    0s] CopyFiles Library/Bee/PlayerScriptAssemblies/UnityEngine.TestRunner.pdb
[379/442    0s] ILPP-Configuration Library/ilpp-configuration.nevergeneratedoutput
[400/442    0s] CopyFiles Library/Bee/PlayerScriptAssemblies/Unity.VisualScripting.Flow.pdb
[401/442    0s] CopyFiles Library/Bee/PlayerScriptAssemblies/Cinemachine.pdb
[402/442    0s] CopyFiles Library/Bee/PlayerScriptAssemblies/UnityEngine.UI.dll
[403/442    0s] CopyFiles Library/Bee/PlayerScriptAssemblies/Unity.VisualScripting.Flow.dll
[404/442    0s] CopyFiles Library/Bee/PlayerScriptAssemblies/UnityEngine.UI.pdb
[405/442    0s] CopyFiles Library/Bee/PlayerScriptAssemblies/Cinemachine.dll
[406/442    0s] CopyFiles Library/Bee/PlayerScriptAssemblies/Unity.VisualScripting.Core.pdb
[407/442    0s] CopyFiles Library/Bee/PlayerScriptAssemblies/Unity.Timeline.pdb
[408/442    0s] CopyFiles Library/Bee/PlayerScriptAssemblies/Unity.InputSystem.ForUI.pdb
[409/442    0s] CopyFiles Library/Bee/PlayerScriptAssemblies/Unity.RenderPipelines.Core.ShaderLibrary.dll
[410/442    0s] CopyFiles Library/Bee/PlayerScriptAssemblies/Unity.InputSystem.dll
[411/442    0s] CopyFiles Library/Bee/PlayerScriptAssemblies/Unity.VisualScripting.Core.dll
[412/442    0s] CopyFiles Library/Bee/PlayerScriptAssemblies/Unity.InputSystem.ForUI.dll
[413/442    0s] CopyFiles Library/Bee/PlayerScriptAssemblies/Unity.RenderPipeline.Universal.ShaderLibrary.dll
[414/442    0s] CopyFiles Library/Bee/PlayerScriptAssemblies/Unity.RenderPipelines.Universal.Runtime.dll
[415/442    0s] CopyFiles Library/Bee/PlayerScriptAssemblies/Unity.RenderPipelines.Core.Runtime.dll
[416/442    0s] CopyFiles Library/Bee/PlayerScriptAssemblies/Unity.VisualScripting.State.dll
[417/442    0s] CopyFiles Library/Bee/PlayerScriptAssemblies/Unity.RenderPipelines.Universal.Shaders.dll
[418/442    0s] CopyFiles Library/Bee/PlayerScriptAssemblies/Unity.RenderPipelines.Universal.Runtime.pdb
[419/442    0s] CopyFiles Library/Bee/PlayerScriptAssemblies/Assembly-CSharp.dll
[420/442    0s] CopyFiles Library/Bee/PlayerScriptAssemblies/Unity.VisualScripting.State.pdb
[421/442    0s] CopyFiles Library/Bee/PlayerScriptAssemblies/Unity.Timeline.dll
[422/442    0s] CopyFiles Library/Bee/PlayerScriptAssemblies/Unity.RenderPipelines.ShaderGraph.ShaderGraphLibrary.dll
[423/442    0s] CopyFiles Library/Bee/PlayerScriptAssemblies/Unity.Burst.dll
[424/442    0s] CopyFiles Library/Bee/PlayerScriptAssemblies/Unity.Mathematics.dll
[425/442    0s] CopyFiles Library/Bee/PlayerScriptAssemblies/Unity.AI.Navigation.pdb
[426/442    0s] CopyFiles Library/Bee/PlayerScriptAssemblies/Unity.TextMeshPro.pdb
[427/442    0s] CopyFiles Library/Bee/PlayerScriptAssemblies/Unity.RenderPipelines.Universal.Config.Runtime.dll
[428/442    0s] CopyFiles Library/Bee/PlayerScriptAssemblies/Unity.AI.Navigation.dll
[429/442    0s] CopyFiles Library/Bee/PlayerScriptAssemblies/Unity.TextMeshPro.dll
[430/442    0s] CopyFiles Library/Bee/PlayerScriptAssemblies/Unity.Mathematics.pdb
[431/442    0s] CopyFiles Library/Bee/PlayerScriptAssemblies/Unity.RenderPipelines.Universal.Config.Runtime.pdb
[432/442    0s] CopyFiles Library/Bee/PlayerScriptAssemblies/Unity.RenderPipelines.ShaderGraph.ShaderGraphLibrary.pdb
[433/442    0s] CopyFiles Library/Bee/PlayerScriptAssemblies/Unity.Burst.pdb
[434/442    0s] CopyFiles Library/Bee/PlayerScriptAssemblies/Unity.RenderPipelines.Core.ShaderLibrary.pdb
[435/442    0s] CopyFiles Library/Bee/PlayerScriptAssemblies/Unity.RenderPipelines.Universal.Shaders.pdb
[436/442    0s] CopyFiles Library/Bee/PlayerScriptAssemblies/Unity.InputSystem.pdb
[437/442    0s] CopyFiles Library/Bee/PlayerScriptAssemblies/Unity.RenderPipeline.Universal.ShaderLibrary.pdb
[438/442    0s] CopyFiles Library/Bee/PlayerScriptAssemblies/Unity.RenderPipelines.Core.Runtime.pdb
[439/442    0s] CopyFiles Library/Bee/PlayerScriptAssemblies/Assembly-CSharp.pdb
*** Tundra build success (0.73 seconds), 44 items updated, 442 evaluated
Not rebuilding Data files -- no changes
Asset Pipeline Refresh (id=9aa1fb1172396eb4ab73ec9148ceb223): Total: 0.095 seconds - Initiated by RefreshV2(NoUpdateAssetOptions)


Mono dependencies included in the build
Dependency assembly - System.Reflection.DispatchProxy.dll
Dependency assembly - System.Configuration.Install.dll
Dependency assembly - System.IO.FileSystem.Primitives.dll
Dependency assembly - System.Memory.dll
Dependency assembly - System.Drawing.Design.dll
Dependency assembly - System.Security.Cryptography.ProtectedData.dll
Dependency assembly - System.Runtime.Caching.dll
Dependency assembly - Microsoft.Win32.Primitives.dll
Dependency assembly - System.Linq.dll
Dependency assembly - System.ServiceModel.Routing.dll
Dependency assembly - System.Net.HttpListener.dll
Dependency assembly - System.Resources.Writer.dll
Dependency assembly - System.Runtime.Serialization.dll
Dependency assembly - netstandard.dll
Dependency assembly - System.Web.ApplicationServices.dll
Dependency assembly - System.Xml.XPath.XDocument.dll
Dependency assembly - System.Threading.ThreadPool.dll
Dependency assembly - System.EnterpriseServices.dll
Dependency assembly - System.Net.Mail.dll
Dependency assembly - System.Security.Cryptography.Csp.dll
Dependency assembly - System.Net.Security.dll
Dependency assembly - Unity.RenderPipelines.Core.ShaderLibrary.dll
Dependency assembly - System.IO.Compression.ZipFile.dll
Dependency assembly - System.Runtime.DurableInstancing.dll
Dependency assembly - System.Diagnostics.FileVersionInfo.dll
Dependency assembly - System.Security.Cryptography.OpenSsl.dll
Dependency assembly - Unity.RenderPipeline.Universal.ShaderLibrary.dll
Dependency assembly - Unity.Timeline.dll
Dependency assembly - System.Net.Utilities.dll
Dependency assembly - System.Runtime.Serialization.Formatters.dll
Dependency assembly - System.Xml.dll
Dependency assembly - System.Globalization.Extensions.dll
Dependency assembly - System.ServiceModel.Duplex.dll
Dependency assembly - System.Numerics.dll
Dependency assembly - System.Transactions.dll
Dependency assembly - System.Globalization.Calendars.dll
Dependency assembly - System.Linq.Parallel.dll
Dependency assembly - System.Net.NameResolution.dll
Dependency assembly - System.Diagnostics.Debug.dll
Dependency assembly - System.Windows.Forms.DataVisualization.dll
Dependency assembly - System.Security.Cryptography.X509Certificates.dll
Dependency assembly - System.Security.Cryptography.Hashing.Algorithms.dll
Dependency assembly - System.Threading.Overlapped.dll
Dependency assembly - System.Security.Cryptography.RSA.dll
Dependency assembly - Microsoft.Win32.Registry.dll
Dependency assembly - System.Security.Principal.dll
Dependency assembly - UnityEngine.UI.dll
Dependency assembly - System.Runtime.InteropServices.RuntimeInformation.dll
Dependency assembly - System.Threading.Tasks.Parallel.dll
Dependency assembly - System.Diagnostics.TraceEvent.dll
Dependency assembly - System.Reflection.TypeExtensions.dll
Dependency assembly - System.Net.AuthenticationManager.dll
Dependency assembly - System.Runtime.InteropServices.WindowsRuntime.dll
Dependency assembly - System.ComponentModel.EventBasedAsync.dll
Dependency assembly - System.Drawing.Primitives.dll
Dependency assembly - System.Runtime.Loader.dll
Dependency assembly - System.ComponentModel.dll
Dependency assembly - System.ComponentModel.Composition.dll
Dependency assembly - System.Security.Cryptography.Primitives.dll
Dependency assembly - System.IdentityModel.Selectors.dll
Dependency assembly - System.Runtime.Handles.dll
Dependency assembly - System.Diagnostics.Process.dll
Dependency assembly - System.Buffers.dll
Dependency assembly - System.Net.Requests.dll
Dependency assembly - System.Collections.Concurrent.dll
Dependency assembly - System.Web.Extensions.Design.dll
Dependency assembly - System.Reflection.dll
Dependency assembly - System.dll
Dependency assembly - System.Net.WebSockets.dll
Dependency assembly - System.Threading.dll
Dependency assembly - Assembly-CSharp.dll
Dependency assembly - System.Threading.Timer.dll
Dependency assembly - System.ComponentModel.Annotations.dll
Dependency assembly - System.Text.RegularExpressions.dll
Dependency assembly - System.Drawing.dll
Dependency assembly - System.Collections.dll
Dependency assembly - System.Reflection.Emit.ILGeneration.dll
Dependency assembly - System.Security.Claims.dll
Dependency assembly - Unity.VisualScripting.State.dll
Dependency assembly - System.IO.FileSystem.DriveInfo.dll
Dependency assembly - System.Resources.ReaderWriter.dll
Dependency assembly - Unity.RenderPipelines.Universal.Config.Runtime.dll
Dependency assembly - System.ServiceModel.Internals.dll
Dependency assembly - System.Runtime.InteropServices.dll
Dependency assembly - System.Diagnostics.StackTrace.dll
Dependency assembly - System.Net.Http.WebRequest.dll
Dependency assembly - System.Linq.Expressions.dll
Dependency assembly - System.Globalization.dll
Dependency assembly - System.Xml.XPath.XmlDocument.dll
Dependency assembly - System.Web.RegularExpressions.dll
Dependency assembly - System.DirectoryServices.Protocols.dll
Dependency assembly - System.Web.DynamicData.dll
Dependency assembly - System.Xml.Serialization.dll
Dependency assembly - Unity.TextMeshPro.dll
Dependency assembly - System.IO.FileSystem.Watcher.dll
Dependency assembly - System.Security.Cryptography.Encoding.dll
Dependency assembly - System.ServiceProcess.dll
Dependency assembly - System.ComponentModel.DataAnnotations.dll
Dependency assembly - System.Security.SecureString.dll
Dependency assembly - System.Security.Principal.Windows.dll
Dependency assembly - System.Net.Primitives.dll
Dependency assembly - System.Management.dll
Dependency assembly - System.Dynamic.Runtime.dll
Dependency assembly - System.ServiceModel.NetTcp.dll
Dependency assembly - Unity.InputSystem.ForUI.dll
Dependency assembly - System.Data.Services.Client.dll
Dependency assembly - System.IO.FileSystem.dll
Dependency assembly - Microsoft.Win32.Registry.AccessControl.dll
Dependency assembly - System.Security.Cryptography.Encryption.ECDsa.dll
Dependency assembly - mscorlib.dll
Dependency assembly - System.Net.WebHeaderCollection.dll
Dependency assembly - System.Diagnostics.Contracts.dll
Dependency assembly - System.Collections.NonGeneric.dll
Dependency assembly - System.Data.Entity.dll
Dependency assembly - Unity.VisualScripting.Flow.dll
Dependency assembly - System.Design.dll
Dependency assembly - Unity.AI.Navigation.dll
Dependency assembly - System.Diagnostics.Tracing.dll
Dependency assembly - System.IO.Compression.dll
Dependency assembly - System.ServiceModel.Security.dll
Dependency assembly - System.Xml.ReaderWriter.dll
Dependency assembly - System.Net.Ping.dll
Dependency assembly - System.Xml.Xsl.Primitives.dll
Dependency assembly - System.Runtime.Serialization.Primitives.dll
Dependency assembly - System.Reactive.dll
Dependency assembly - System.Console.dll
Dependency assembly - System.IO.FileSystem.AccessControl.dll
Dependency assembly - System.ValueTuple.dll
Dependency assembly - System.Reflection.Context.dll
Dependency assembly - System.IdentityModel.dll
Dependency assembly - Mono.Data.Sqlite.dll
Dependency assembly - System.Xml.XmlSerializer.dll
Dependency assembly - System.Configuration.dll
Dependency assembly - System.Core.dll
Dependency assembly - System.Diagnostics.Tools.dll
Dependency assembly - System.Net.Http.dll
Dependency assembly - System.IO.Compression.FileSystem.dll
Dependency assembly - Unity.Burst.dll
Dependency assembly - System.Web.Services.dll
Dependency assembly - System.ServiceModel.Primitives.dll
Dependency assembly - System.Text.Encoding.CodePages.dll
Dependency assembly - System.Security.Cryptography.Pkcs.dll
Dependency assembly - System.Runtime.Serialization.Xml.dll
Dependency assembly - System.ServiceModel.Activation.dll
Dependency assembly - Unity.VisualScripting.Core.dll
Dependency assembly - System.Security.Cryptography.RandomNumberGenerator.dll
Dependency assembly - System.Net.dll
Dependency assembly - Mono.Data.Tds.dll
Dependency assembly - System.Security.AccessControl.dll
Dependency assembly - System.Web.dll
Dependency assembly - System.Threading.Tasks.dll
Dependency assembly - System.AppContext.dll
Dependency assembly - System.Net.NetworkInformation.dll
Dependency assembly - System.IO.Pipes.dll
Dependency assembly - System.Resources.ResourceManager.dll
Dependency assembly - System.Runtime.Serialization.Formatters.Soap.dll
Dependency assembly - System.Security.dll
Dependency assembly - System.Security.Cryptography.Encryption.Aes.dll
Dependency assembly - System.Data.DataSetExtensions.dll
Dependency assembly - Cinemachine.dll
Dependency assembly - System.Runtime.Numerics.dll
Dependency assembly - System.Diagnostics.TraceSource.dll
Dependency assembly - System.Xaml.dll
Dependency assembly - System.Web.Extensions.dll
Dependency assembly - System.Threading.AccessControl.dll
Dependency assembly - System.Windows.Forms.dll
Dependency assembly - System.Text.Encoding.dll
Dependency assembly - System.ObjectModel.dll
Dependency assembly - System.Security.Cryptography.Encryption.ECDiffieHellman.dll
Dependency assembly - System.Xml.Linq.dll
Dependency assembly - System.Diagnostics.TextWriterTraceListener.dll
Dependency assembly - System.Runtime.Serialization.Json.dll
Dependency assembly - Unity.RenderPipelines.Universal.Runtime.dll
Dependency assembly - System.Net.WebSockets.Client.dll
Dependency assembly - System.ServiceModel.Http.dll
Dependency assembly - System.Net.ServicePoint.dll
Dependency assembly - System.IO.IsolatedStorage.dll
Dependency assembly - System.Runtime.dll
Dependency assembly - Unity.RenderPipelines.Universal.Shaders.dll
Dependency assembly - System.Data.SqlClient.dll
Dependency assembly - System.Json.dll
Dependency assembly - System.Threading.Tasks.Extensions.dll
Dependency assembly - System.IO.MemoryMappedFiles.dll
Dependency assembly - System.ServiceModel.Web.dll
Dependency assembly - System.Reflection.Emit.Lightweight.dll
Dependency assembly - Unity.RenderPipelines.Core.Runtime.dll
Dependency assembly - Unity.RenderPipelines.ShaderGraph.ShaderGraphLibrary.dll
Dependency assembly - Unity.Mathematics.dll
Dependency assembly - System.Net.Sockets.dll
Dependency assembly - System.Xml.XPath.dll
Dependency assembly - System.Runtime.Extensions.dll
Dependency assembly - System.Runtime.CompilerServices.VisualC.dll
Dependency assembly - System.ServiceModel.dll
Dependency assembly - System.Data.OracleClient.dll
Dependency assembly - System.Xml.XmlDocument.dll
Dependency assembly - Unity.Burst.Unsafe.dll
Dependency assembly - System.Collections.Specialized.dll
Dependency assembly - System.Net.Cache.dll
Dependency assembly - System.IO.UnmanagedMemoryStream.dll
Dependency assembly - System.Reflection.Primitives.dll
Dependency assembly - Microsoft.CSharp.dll
Dependency assembly - System.IO.dll
Dependency assembly - System.Data.Services.dll
Dependency assembly - Newtonsoft.Json.dll
Dependency assembly - System.ServiceProcess.ServiceController.dll
Dependency assembly - System.Data.Common.dll
Dependency assembly - System.Messaging.dll
Dependency assembly - System.ComponentModel.Primitives.dll
Dependency assembly - System.Resources.Reader.dll
Dependency assembly - System.ServiceModel.Discovery.dll
Dependency assembly - System.Security.Cryptography.Cng.dll
Dependency assembly - System.Xml.XDocument.dll
Dependency assembly - System.Threading.Thread.dll
Dependency assembly - System.Security.Cryptography.Algorithms.dll
Dependency assembly - System.Reflection.Emit.dll
Dependency assembly - System.Data.Linq.dll
Dependency assembly - System.Reflection.Extensions.dll
Dependency assembly - System.Security.Cryptography.DeriveBytes.dll
Dependency assembly - System.Windows.dll
Dependency assembly - Unity.VisualScripting.Antlr3.Runtime.dll
Dependency assembly - System.Runtime.Remoting.dll
Dependency assembly - Unity.InputSystem.dll
Dependency assembly - System.Security.Cryptography.Encryption.dll
Dependency assembly - System.Data.dll
Dependency assembly - System.Text.Encoding.Extensions.dll
Dependency assembly - System.ComponentModel.TypeConverter.dll
Dependency assembly - Mono.Security.dll
Dependency assembly - System.Numerics.Vectors.dll
Dependency assembly - System.Linq.Queryable.dll
Dependency assembly - System.DirectoryServices.dll
Dependency assembly - System.Security.Cryptography.Hashing.dll
Dependency assembly - Accessibility.dll

Starting: C:\Program Files\Unity\Hub\Editor\2022.3.38f1\Editor\Data\bee_backend.exe --dont-print-to-structured-log --ipc --dagfile="Library/Bee/Player1e6ced2a.dag" --profile="Library/Bee/backend1.traceevents" Player
WorkingDir: C:/Users/foxgen/Horror
DisplayProgressbar: Incremental Player Build
ExitCode: 0 Duration: 3s166ms
Refreshing native plugins compatible for Editor in 7.04 ms, found 3 plugins.
Preloading 0 native plugins for Editor in 0.00 ms.

-------------------------------------------------------------------------------
Build Report
Information on used Assets is not available, since player data was not rebuilt.
Do a clean build to view the Asset build report information.
-------------------------------------------------------------------------------
Unloading 13 Unused Serialized files (Serialized files now loaded: 0)
Unloading 487 unused Assets / (39.1 MB). Loaded Objects now: 6680.
Memory consumption went from 297.5 MB to 258.4 MB.
Total: 14.936200 ms (FindLiveObjects: 0.713100 ms CreateObjectMapping: 0.440100 ms MarkObjects: 7.904800 ms  DeleteObjects: 5.876900 ms)

DisplayProgressNotification: Build Successful
Build Finished, Result: Success.
##utp:{"type":"PlayerBuildInfo","version":2,"phase":"Immediate","time":1725973715698,"processId":30776,"steps":[{"description":"Preprocess Player","duration":978},{"description":"Prepare For Build","duration":4},{"description":"ProducePlayerScriptAssemblies","duration":1624},{"description":"Verify Build setup","duration":3299},{"description":"Prepare assets for target platform","duration":104},{"description":"Prepare splash screen","duration":88},{"description":"Run script only build","duration":98},{"description":"Postprocess built player","duration":5529}],"duration":11724}
[PhysX] Initialized MultithreadedTaskDispatcher with 28 workers.
Unloading 0 Unused Serialized files (Serialized files now loaded: 0)
Loaded scene 'Temp/__Backupscenes/0.backup'
	Deserialize:            1.354 ms
	Integration:            298.269 ms
	Integration of assets:  0.003 ms
	Thread Wait Time:       0.079 ms
	Total Operation Time:   299.705 ms
Unloading 0 unused Assets / (8.0 MB). Loaded Objects now: 6633.
Memory consumption went from 257.0 MB to 248.9 MB.
Total: 9.495900 ms (FindLiveObjects: 0.640800 ms CreateObjectMapping: 0.400600 ms MarkObjects: 8.442700 ms  DeleteObjects: 0.010600 ms)

Batchmode quit successfully invoked - shutting down!
Killing ADB server in 0.0929629 seconds.
Start importing ProjectSettings/ProjectSettings.asset using Guid(00000000000000004000000000000000) Importer(-1,00000000000000000000000000000000) [PhysX] Initialized MultithreadedTaskDispatcher with 28 workers.
 -> (artifact id: '7ce0c50db14d546700242d529b3c6b72') in 0.004409 seconds
Refreshing native plugins compatible for Editor in 7.93 ms, found 3 plugins.
Preloading 0 native plugins for Editor in 0.00 ms.
Asset Pipeline Refresh (id=c44b65a9c2f7f52449000f3aba935be5): Total: 0.070 seconds - Initiated by StopAssetImportingV2(NoUpdateAssetOptions)
[PhysX] Initialized MultithreadedTaskDispatcher with 28 workers.
[Licensing::IpcConnector] License Notification channel disconnected successfully.
[Licensing::IpcConnector] License Client channel disconnected successfully.
Cleanup mono
[Performance] WinEditorMain                                                                                                  :        1 samples, Peak.  3.74 s (1.0x), Avg.  3.74 s, Total. 3.743 s (9.9%)
[Performance] WinEditorMain.ConfigureCrashHandler                                                                            :        1 samples, Peak.  29.1 us (1.0x), Avg.  29.1 us, Total. 29.10 us (0.0%)
[Performance] WinEditorMain.CurlRequestInitialize                                                                            :        1 samples, Peak.  1.65 ms (1.0x), Avg.  1.65 ms, Total. 1.653 ms (0.0%)
[Performance] WinEditorMain.SetupLogFile                                                                                     :        1 samples, Peak.   464 us (1.0x), Avg.   464 us, Total. 464.4 us (0.0%)
[Performance] WinEditorMain.RunNativeTestsIfRequiredAndExit                                                                  :        1 samples, Peak.   200 ns (1.0x), Avg.   200 ns, Total. 200.0 ns (0.0%)
[Performance] WinEditorMain.Licensing                                                                                        :        1 samples, Peak.  3.72 s (1.0x), Avg.  3.72 s, Total. 3.715 s (9.9%)
[Performance] WinEditorMain.InitializeCrashHandler                                                                           :        1 samples, Peak.  21.2 ms (1.0x), Avg.  21.2 ms, Total. 21.18 ms (0.1%)
[Performance] WinEditorMain.CreateApplication                                                                                :        1 samples, Peak.   639 us (1.0x), Avg.   639 us, Total. 639.4 us (0.0%)
[Performance] Application.InitializeProject                                                                                  :        1 samples, Peak.  19.7 s (1.0x), Avg.  19.7 s, Total. 19.72 s (52.3%)
[Performance] Application.PackageManager.StartServer                                                                         :        1 samples, Peak.  6.24 ms (1.0x), Avg.  6.24 ms, Total. 6.242 ms (0.0%)
[Performance] Application.AcquireProjectLock                                                                                 :        1 samples, Peak.  11.1 ms (1.0x), Avg.  11.1 ms, Total. 11.15 ms (0.0%)
[Performance] Application.InitializeEngineNoGraphics                                                                         :        1 samples, Peak.  79.0 ms (1.0x), Avg.  79.0 ms, Total. 78.98 ms (0.2%)
[Performance] Application.PackageManager.Initialize                                                                          :        1 samples, Peak.   690 ms (1.0x), Avg.   690 ms, Total. 690.2 ms (1.8%)
[Performance] Connecting to Package Manager                                                                                  :       70 samples, Peak.  71.2 us (45.5x), Avg.  1.57 us, Total. 109.6 us (0.0%)
[Performance] Application.EngineGraphics.Initialize                                                                          :        1 samples, Peak.   364 ms (1.0x), Avg.   364 ms, Total. 364.3 ms (1.0%)
[Performance] Application.GI.Initialize                                                                                      :        1 samples, Peak.  9.93 ms (1.0x), Avg.  9.93 ms, Total. 9.931 ms (0.0%)
[Performance] Application.LoadAllDefaultResourcesFromEditor                                                                  :        1 samples, Peak.  3.02 ms (1.0x), Avg.  3.02 ms, Total. 3.019 ms (0.0%)
[Performance] Application.LoadMonoAssemblies                                                                                 :        1 samples, Peak.  3.60 s (1.0x), Avg.  3.60 s, Total. 3.596 s (9.5%)
[Performance] RestoreManagedReferences                                                                                       :        2 samples, Peak.   165 ms (2.0x), Avg.  82.3 ms, Total. 164.7 ms (0.4%)
[Performance] EditorResources.Load                                                                                           :       11 samples, Peak.  32.9 ms (8.5x), Avg.  3.89 ms, Total. 42.80 ms (0.1%)
[Performance] InitializeOnLoad ObjectSelectorSearch                                                                          :        2 samples, Peak.   720 us (1.1x), Avg.   659 us, Total. 1.319 ms (0.0%)
[Performance] InitializeOnLoad CacheServerWindow                                                                             :        2 samples, Peak.  27.3 us (1.1x), Avg.  23.9 us, Total. 47.80 us (0.0%)
[Performance] InitializeOnLoad SettingsService                                                                               :        2 samples, Peak.  14.9 us (1.1x), Avg.  13.1 us, Total. 26.20 us (0.0%)
[Performance] InitializeOnLoad PlayModeDownload                                                                              :        2 samples, Peak.  3.06 ms (1.6x), Avg.  1.96 ms, Total. 3.928 ms (0.0%)
[Performance] InitializeOnLoad UnityConnect                                                                                  :        2 samples, Peak.   132 us (1.0x), Avg.   131 us, Total. 261.6 us (0.0%)
[Performance] InitializeOnLoad UISystemProfilerRenderService                                                                 :        2 samples, Peak.  15.8 us (1.0x), Avg.  15.3 us, Total. 30.50 us (0.0%)
[Performance] InitializeOnLoad ManagedDebugger                                                                               :        2 samples, Peak.  1.17 ms (1.7x), Avg.   708 us, Total. 1.416 ms (0.0%)
[Performance] InitializeOnLoad SearchService                                                                                 :        2 samples, Peak.   193 us (1.1x), Avg.   173 us, Total. 345.7 us (0.0%)
[Performance] InitializeOnLoad AddComponentWindow                                                                            :        2 samples, Peak.   193 us (1.1x), Avg.   180 us, Total. 359.6 us (0.0%)
[Performance] InitializeOnLoad EditMode                                                                                      :        2 samples, Peak.   926 us (1.3x), Avg.   733 us, Total. 1.465 ms (0.0%)
[Performance] InitializeOnLoad CloudBuild                                                                                    :        2 samples, Peak.  8.80 us (1.0x), Avg.  8.40 us, Total. 16.80 us (0.0%)
[Performance] InitializeOnLoad PrefabInstanceChangedListener                                                                 :        2 samples, Peak.   272 us (1.1x), Avg.   247 us, Total. 494.2 us (0.0%)
[Performance] InitializeOnLoad MixerEffectDefinitionReloader                                                                 :        2 samples, Peak.  4.54 ms (1.3x), Avg.  3.45 ms, Total. 6.897 ms (0.0%)
[Performance] InitializeOnLoad DrivenRectTransformUndo                                                                       :        2 samples, Peak.   402 us (1.0x), Avg.   391 us, Total. 781.7 us (0.0%)
[Performance] InitializeOnLoad ProjectSearch                                                                                 :        2 samples, Peak.   102 us (1.0x), Avg.   100 us, Total. 200.3 us (0.0%)
[Performance] InitializeOnLoad WindowLayout                                                                                  :        2 samples, Peak.   428 us (1.1x), Avg.   403 us, Total. 805.5 us (0.0%)
[Performance] InitializeOnLoad ShortcutIntegration                                                                           :        2 samples, Peak.   117 us (1.1x), Avg.   104 us, Total. 208.2 us (0.0%)
[Performance] InitializeOnLoad MenuItems                                                                                     :        2 samples, Peak.   160 us (1.2x), Avg.   139 us, Total. 277.6 us (0.0%)
[Performance] InitializeOnLoad ManagedDebuggerWindow                                                                         :        2 samples, Peak.   272 us (1.1x), Avg.   241 us, Total. 481.5 us (0.0%)
[Performance] InitializeOnLoad AssetStoreContext                                                                             :        2 samples, Peak.  32.4 ms (1.6x), Avg.  20.0 ms, Total. 40.05 ms (0.1%)
[Performance] InitializeOnLoad NativeFormatImporterUtility                                                                   :        2 samples, Peak.  3.19 ms (1.2x), Avg.  2.70 ms, Total. 5.404 ms (0.0%)
[Performance] InitializeOnLoad SceneSearch                                                                                   :        2 samples, Peak.   151 us (1.2x), Avg.   123 us, Total. 245.5 us (0.0%)
[Performance] InitializeOnLoad EditorMonitor                                                                                 :        2 samples, Peak.  1.07 ms (1.1x), Avg.   939 us, Total. 1.877 ms (0.0%)
[Performance] InitializeOnLoad RetainedMode                                                                                  :        2 samples, Peak.  3.54 ms (1.0x), Avg.  3.39 ms, Total. 6.780 ms (0.0%)
[Performance] InitializeOnLoad EditorShaderLoader                                                                            :        2 samples, Peak.  1.30 ms (1.2x), Avg.  1.09 ms, Total. 2.177 ms (0.0%)
[Performance] InitializeOnLoad EditorDelegateRegistration                                                                    :        2 samples, Peak.   837 us (1.0x), Avg.   830 us, Total. 1.659 ms (0.0%)
[Performance] InitializeOnLoad UIDocumentHierarchyWatcher                                                                    :        2 samples, Peak.   148 us (1.1x), Avg.   134 us, Total. 268.6 us (0.0%)
[Performance] InitializeOnLoad LiveReloadTrackerCreator                                                                      :        2 samples, Peak.   269 us (1.0x), Avg.   264 us, Total. 527.1 us (0.0%)
[Performance] InitializeOnLoad UxmlObjectEditorFactories                                                                     :        2 samples, Peak.   718 us (1.0x), Avg.   689 us, Total. 1.378 ms (0.0%)
[Performance] InitializeOnLoad UXMLEditorFactories                                                                           :        2 samples, Peak.   103 ms (1.0x), Avg.  99.8 ms, Total. 199.7 ms (0.5%)
[Performance] InitializeOnLoad CloudBuildPoller                                                                              :        2 samples, Peak.   495 us (1.0x), Avg.   485 us, Total. 969.4 us (0.0%)
[Performance] InitializeOnLoad AdsService                                                                                    :        2 samples, Peak.  2.43 ms (1.1x), Avg.  2.26 ms, Total. 4.528 ms (0.0%)
[Performance] InitializeOnLoad EditorGameServicesAnalytics                                                                   :        2 samples, Peak.  2.61 ms (1.6x), Avg.  1.59 ms, Total. 3.182 ms (0.0%)
[Performance] InitializeOnLoad UDPService                                                                                    :        2 samples, Peak.   323 us (1.0x), Avg.   319 us, Total. 638.0 us (0.0%)
[Performance] InitializeOnLoad BuildService                                                                                  :        2 samples, Peak.   316 us (1.0x), Avg.   301 us, Total. 601.7 us (0.0%)
[Performance] InitializeOnLoad ServicesRepository                                                                            :        2 samples, Peak.  2.10 us (1.2x), Avg.  1.70 us, Total. 3.400 us (0.0%)
[Performance] InitializeOnLoad PurchasingService                                                                             :        2 samples, Peak.  9.90 ms (1.1x), Avg.  8.80 ms, Total. 17.60 ms (0.0%)
[Performance] InitializeOnLoad AnalyticsService                                                                              :        2 samples, Peak.   329 us (1.1x), Avg.   294 us, Total. 587.2 us (0.0%)
[Performance] InitializeOnLoad CrashService                                                                                  :        2 samples, Peak.   308 us (1.1x), Avg.   273 us, Total. 546.4 us (0.0%)
[Performance] InitializeOnLoad SearchWindow                                                                                  :        2 samples, Peak.   216 us (1.0x), Avg.   212 us, Total. 423.1 us (0.0%)
[Performance] InitializeOnLoad CustomIndexers                                                                                :        2 samples, Peak.  30.8 ms (1.1x), Avg.  27.2 ms, Total. 54.44 ms (0.1%)
[Performance] InitializeOnLoad SearchMonitor                                                                                 :        2 samples, Peak.  1.52 ms (1.1x), Avg.  1.39 ms, Total. 2.786 ms (0.0%)
[Performance] InitializeOnLoad ParameterControllerEditor                                                                     :        2 samples, Peak.  27.4 us (1.0x), Avg.  27.0 us, Total. 54.10 us (0.0%)
[Performance] InitializeOnLoad LayerSettingsWindow                                                                           :        2 samples, Peak.  31.5 us (1.6x), Avg.  19.8 us, Total. 39.60 us (0.0%)
[Performance] InitializeOnLoad PackageManagerHookGUIDConverter.RegisterPackagesEventHandler                                  :        2 samples, Peak.  1.41 ms (1.7x), Avg.   809 us, Total. 1.619 ms (0.0%)
[Performance] InitializeOnLoad EditorDragAndDrop.RegisterEditorClient                                                        :        2 samples, Peak.   446 us (1.1x), Avg.   412 us, Total. 824.0 us (0.0%)
[Performance] InitializeOnLoad EditorEventCallbacks.InitializeFontAssetResourceChangeCallBacks                               :        2 samples, Peak.  1.91 ms (1.1x), Avg.  1.70 ms, Total. 3.398 ms (0.0%)
[Performance] InitializeOnLoad SceneTemplateService.Init                                                                     :        2 samples, Peak.  2.32 ms (1.2x), Avg.  1.95 ms, Total. 3.891 ms (0.0%)
[Performance] InitializeOnLoad DiagnosticSwitchesConsoleMessage.Init                                                         :        2 samples, Peak.  10.1 ms (1.9x), Avg.  5.39 ms, Total. 10.79 ms (0.0%)
[Performance] InitializeOnLoad SysrootManager.Initialize                                                                     :        2 samples, Peak.  22.1 us (1.0x), Avg.  21.8 us, Total. 43.70 us (0.0%)
[Performance] InitializeOnLoad AssetPostprocessingInternal.RefreshCustomDependencies                                         :        2 samples, Peak.  5.68 ms (1.1x), Avg.  4.99 ms, Total. 9.971 ms (0.0%)
[Performance] InitializeOnLoad SceneViewMotion.RegisterShortcutContexts                                                      :        2 samples, Peak.   365 us (1.1x), Avg.   323 us, Total. 645.5 us (0.0%)
[Performance] InitializeOnLoad ScopedRegistryAddedPopup.SubscribeToRegistriesAdded                                           :        2 samples, Peak.  43.6 ms (1.6x), Avg.  27.7 ms, Total. 55.39 ms (0.1%)
[Performance] InitializeOnLoad PackageManagerWindow.EditorInitializedInSafeMode                                              :        2 samples, Peak.   397 us (1.2x), Avg.   327 us, Total. 654.1 us (0.0%)
[Performance] InitializeOnLoad SceneVisibilityManager.Initialize                                                             :        2 samples, Peak.  5.34 ms (1.6x), Avg.  3.29 ms, Total. 6.585 ms (0.0%)
[Performance] InitializeOnLoad RectSelection.RegisterShortcutContext                                                         :        2 samples, Peak.   362 us (1.0x), Avg.   352 us, Total. 704.3 us (0.0%)
[Performance] InitializeOnLoad EditorWindow.Initialize                                                                       :        2 samples, Peak.   452 us (1.1x), Avg.   422 us, Total. 843.9 us (0.0%)
[Performance] InitializeOnLoad MemoryProfilerCompilationGuard.InjectCompileGuard                                             :        2 samples, Peak.   301 us (1.5x), Avg.   204 us, Total. 407.5 us (0.0%)
[Performance] InitializeOnLoad ToolShortcutContext.Init                                                                      :        2 samples, Peak.   261 us (1.0x), Avg.   260 us, Total. 519.6 us (0.0%)
[Performance] AssemblyReloadEvents.afterAssemblyReload: UnityEditor.SceneTemplate.SceneTemplateService.AfterAssemblyReload   :        2 samples, Peak.  4.93 ms (1.8x), Avg.  2.72 ms, Total. 5.431 ms (0.0%)
[Performance] ProcessService.EditorAfterLoadAllAssemblies                                                                    :        2 samples, Peak.   544 us (1.1x), Avg.   494 us, Total. 988.8 us (0.0%)
[Performance] Application.ReadLicenseInfo                                                                                    :        1 samples, Peak.  18.0 ms (1.0x), Avg.  18.0 ms, Total. 18.01 ms (0.0%)
[Performance] Application.InitialRefresh                                                                                     :        1 samples, Peak.  13.2 s (1.0x), Avg.  13.2 s, Total. 13.20 s (35.0%)
[Performance] Compiling Scripts                                                                                              :        1 samples, Peak.  1.34 s (1.0x), Avg.  1.34 s, Total. 1.342 s (3.6%)
[Performance] AssemblyReloadEvents.beforeAssemblyReload: UnityEditor.SceneTemplate.SceneTemplateService.BeforeAssemblyReload :        1 samples, Peak.   838 us (1.0x), Avg.   838 us, Total. 837.6 us (0.0%)
[Performance] InitializeOnLoad InputSystem                                                                                   :        1 samples, Peak.  79.4 ms (1.0x), Avg.  79.4 ms, Total. 79.43 ms (0.2%)
[Performance] InitializeOnLoad TouchSimulation                                                                               :        1 samples, Peak.   210 us (1.0x), Avg.   210 us, Total. 210.0 us (0.0%)
[Performance] InitializeOnLoad BurstLoader                                                                                   :        1 samples, Peak.  5.53 s (1.0x), Avg.  5.53 s, Total. 5.530 s (14.7%)
[Performance] InitializeOnLoad ShadowCasterGroup2DManager                                                                    :        1 samples, Peak.   330 us (1.0x), Avg.   330 us, Total. 330.4 us (0.0%)
[Performance] InitializeOnLoad OnDomainReload                                                                                :        1 samples, Peak.  1.31 ms (1.0x), Avg.  1.31 ms, Total. 1.310 ms (0.0%)
[Performance] InitializeOnLoad EditorInitialize                                                                              :        4 samples, Peak.  22.9 ms (2.9x), Avg.  7.82 ms, Total. 31.27 ms (0.1%)
[Performance] InitializeOnLoad CanvasesAndTheirOwners                                                                        :        1 samples, Peak.   801 us (1.0x), Avg.   801 us, Total. 800.8 us (0.0%)
[Performance] InitializeOnLoad ReadmeEditor                                                                                  :        1 samples, Peak.   689 us (1.0x), Avg.   689 us, Total. 688.7 us (0.0%)
[Performance] InitializeOnLoad ProbeGIBaking                                                                                 :        1 samples, Peak.  9.99 ms (1.0x), Avg.  9.99 ms, Total. 9.988 ms (0.0%)
[Performance] InitializeOnLoad FilterWindow                                                                                  :        1 samples, Peak.   182 us (1.0x), Avg.   182 us, Total. 181.5 us (0.0%)
[Performance] InitializeOnLoad RealtimeProbeSubdivisionDebug                                                                 :        1 samples, Peak.   354 us (1.0x), Avg.   354 us, Total. 353.7 us (0.0%)
[Performance] InitializeOnLoad CinemachineStoryboardMute                                                                     :        1 samples, Peak.   944 us (1.0x), Avg.   944 us, Total. 944.0 us (0.0%)
[Performance] InitializeOnLoad SaveDuringPlay                                                                                :        1 samples, Peak.   155 us (1.0x), Avg.   155 us, Total. 154.5 us (0.0%)
[Performance] InitializeOnLoad CollectGizmoDrawers                                                                           :        1 samples, Peak.  26.5 ms (1.0x), Avg.  26.5 ms, Total. 26.51 ms (0.1%)
[Performance] InitializeOnLoad CinemachineScreenComposerGuidesGlobalDraggable                                                :        1 samples, Peak.   412 us (1.0x), Avg.   412 us, Total. 412.3 us (0.0%)
[Performance] InitializeOnLoad CinemachineEditorAnalytics                                                                    :        1 samples, Peak.   119 us (1.0x), Avg.   119 us, Total. 118.8 us (0.0%)
[Performance] InitializeOnLoad CreateRigWithUndo                                                                             :        1 samples, Peak.   301 us (1.0x), Avg.   301 us, Total. 301.1 us (0.0%)
[Performance] InitializeOnLoad CreatePipelineWithUndo                                                                        :        1 samples, Peak.   295 us (1.0x), Avg.   295 us, Total. 294.7 us (0.0%)
[Performance] InitializeOnLoad SyncCacheEnabledSetting                                                                       :        1 samples, Peak.  1.09 ms (1.0x), Avg.  1.09 ms, Total. 1.093 ms (0.0%)
[Performance] InitializeOnLoad CinemachineColliderPrefs                                                                      :        1 samples, Peak.   674 us (1.0x), Avg.   674 us, Total. 674.5 us (0.0%)
[Performance] InitializeOnLoad PlasticPlugin                                                                                 :        1 samples, Peak.   124 ms (1.0x), Avg.   124 ms, Total. 124.0 ms (0.3%)
[Performance] InitializeOnLoad VSUsageUtility                                                                                :        1 samples, Peak.  78.3 ms (1.0x), Avg.  78.3 ms, Total. 78.27 ms (0.2%)
[Performance] InitializeOnLoad NodeClassCache                                                                                :        1 samples, Peak.  16.4 us (1.0x), Avg.  16.4 us, Total. 16.40 us (0.0%)
[Performance] InitializeOnLoad ShaderGraphMaterialsUpdater                                                                   :        2 samples, Peak.   723 us (1.7x), Avg.   421 us, Total. 841.7 us (0.0%)
[Performance] InitializeOnLoad ToolbarBootstrap                                                                              :        1 samples, Peak.   717 ms (1.0x), Avg.   717 ms, Total. 716.6 ms (1.9%)
[Performance] Package.AsyncRequest                                                                                           :        6 samples, Peak.  1.92 ms (6.0x), Avg.   322 us, Total. 1.934 ms (0.0%)
[Performance] InitializeOnLoad BackgroundWatcher                                                                             :        1 samples, Peak.   275 us (1.0x), Avg.   275 us, Total. 274.7 us (0.0%)
[Performance] InitializeOnLoad UnityTestProtocolStarter                                                                      :        1 samples, Peak.   329 us (1.0x), Avg.   329 us, Total. 328.8 us (0.0%)
[Performance] InitializeOnLoad TestStarter                                                                                   :        1 samples, Peak.  1.29 ms (1.0x), Avg.  1.29 ms, Total. 1.295 ms (0.0%)
[Performance] InitializeOnLoad RerunCallbackInitializer                                                                      :        1 samples, Peak.  4.92 ms (1.0x), Avg.  4.92 ms, Total. 4.915 ms (0.0%)
[Performance] InitializeOnLoad VisualStudioEditor                                                                            :        1 samples, Peak.  18.6 ms (1.0x), Avg.  18.6 ms, Total. 18.64 ms (0.0%)
[Performance] InitializeOnLoad TestRunnerApiListener                                                                         :        1 samples, Peak.  1.03 ms (1.0x), Avg.  1.03 ms, Total. 1.028 ms (0.0%)
[Performance] InitializeOnLoad VisualStudioIntegration                                                                       :        1 samples, Peak.  2.82 ms (1.0x), Avg.  2.82 ms, Total. 2.817 ms (0.0%)
[Performance] InitializeOnLoad PrefabLayoutRebuilder                                                                         :        1 samples, Peak.   498 us (1.0x), Avg.   498 us, Total. 498.0 us (0.0%)
[Performance] InitializeOnLoad RiderScriptEditor                                                                             :        1 samples, Peak.  17.3 ms (1.0x), Avg.  17.3 ms, Total. 17.31 ms (0.0%)
[Performance] InitializeOnLoad CallbackInitializer                                                                           :        1 samples, Peak.  1.58 ms (1.0x), Avg.  1.58 ms, Total. 1.584 ms (0.0%)
[Performance] InitializeOnLoad HierarchyDecorator                                                                            :        1 samples, Peak.  20.7 ms (1.0x), Avg.  20.7 ms, Total. 20.74 ms (0.1%)
[Performance] InitializeOnLoad Constants                                                                                     :        1 samples, Peak.  1.02 ms (1.0x), Avg.  1.02 ms, Total. 1.018 ms (0.0%)
[Performance] InitializeOnLoad NavigationWindow                                                                              :        1 samples, Peak.  1.13 ms (1.0x), Avg.  1.13 ms, Total. 1.125 ms (0.0%)
[Performance] InitializeOnLoad VSCodeScriptEditor                                                                            :        1 samples, Peak.  4.86 ms (1.0x), Avg.  4.86 ms, Total. 4.856 ms (0.0%)
[Performance] InitializeOnLoad EditorToolManager                                                                             :        1 samples, Peak.  3.33 ms (1.0x), Avg.  3.33 ms, Total. 3.330 ms (0.0%)
[Performance] InitializeOnLoad Renderer2DAnalytics                                                                           :        1 samples, Peak.   139 us (1.0x), Avg.   139 us, Total. 138.7 us (0.0%)
[Performance] InitializeOnLoad MaterialReimporter.RegisterUpgraderReimport                                                   :        2 samples, Peak.   344 us (1.6x), Avg.   217 us, Total. 433.1 us (0.0%)
[Performance] InitializeOnLoad TestJobDataHolder.ResumeRunningJobs                                                           :        1 samples, Peak.  1.54 ms (1.0x), Avg.  1.54 ms, Total. 1.540 ms (0.0%)
[Performance] InitializeOnLoad AnalyticsReporter.RegisterCallbacks                                                           :        1 samples, Peak.   541 us (1.0x), Avg.   541 us, Total. 541.4 us (0.0%)
[Performance] InitializeOnLoad CoreRenderPipelinePreferences.InitPreferenceProviders                                         :        1 samples, Peak.  61.6 ms (1.0x), Avg.  61.6 ms, Total. 61.59 ms (0.2%)
[Performance] InitializeOnLoad VolumeGizmoDrawer.InitVolumeGizmoCallbacks                                                    :        1 samples, Peak.   520 us (1.0x), Avg.   520 us, Total. 520.0 us (0.0%)
[Performance] InitializeOnLoad DebugManagerWindowLifetimeAnalytic.SubscribeToDebugManagerOpenCloseWindows                    :        1 samples, Peak.  1.14 ms (1.0x), Avg.  1.14 ms, Total. 1.136 ms (0.0%)
[Performance] InitializeOnLoad VisualStudioEditor.LegacyVisualStudioCodePackageDisabler                                      :        1 samples, Peak.  6.33 ms (1.0x), Avg.  6.33 ms, Total. 6.332 ms (0.0%)
[Performance] InitializeOnLoad ProjectAssetViewerCustomisation.Initialize                                                    :        1 samples, Peak.  1.74 ms (1.0x), Avg.  1.74 ms, Total. 1.744 ms (0.0%)
[Performance] DidReloadScriptsCinemachineExtension.OnScriptReload                                                            :        1 samples, Peak.   747 us (1.0x), Avg.   747 us, Total. 747.1 us (0.0%)
[Performance] DidReloadScriptsCinemachineVirtualCameraBase.OnScriptReload                                                    :        1 samples, Peak.   156 us (1.0x), Avg.   156 us, Total. 155.8 us (0.0%)
[Performance] DidReloadScriptsAdvancedDropdownWindow.OnScriptReload                                                          :        2 samples, Peak.   322 us (1.0x), Avg.   311 us, Total. 621.4 us (0.0%)
[Performance] DidReloadScriptsTestRunnerWindow.CompilationCallback                                                           :        1 samples, Peak.   384 us (1.0x), Avg.   384 us, Total. 383.6 us (0.0%)
[Performance] DidReloadScriptsTestListCache.ScriptReloaded                                                                   :        1 samples, Peak.  2.23 ms (1.0x), Avg.  2.23 ms, Total. 2.226 ms (0.0%)
[Performance] DidReloadScriptsVolumeComponentEditor.OnEditorReload                                                           :        1 samples, Peak.  29.2 ms (1.0x), Avg.  29.2 ms, Total. 29.24 ms (0.1%)
[Performance] DidReloadScriptsDebugWindow.OnEditorReload                                                                     :        1 samples, Peak.  8.36 ms (1.0x), Avg.  8.36 ms, Total. 8.363 ms (0.0%)
[Performance] DidReloadScriptsLookDev.OnEditorReload                                                                         :        1 samples, Peak.   385 us (1.0x), Avg.   385 us, Total. 385.2 us (0.0%)
[Performance] CinemachineSettings.OnPostprocessAllAssets                                                                     :        6 samples, Peak.   450 us (3.4x), Avg.   133 us, Total. 798.4 us (0.0%)
[Performance] UniversalRenderPipelineGlobalSettingsPostprocessor.OnPostprocessAllAssets                                      :        6 samples, Peak.  1.86 ms (3.0x), Avg.   629 us, Total. 3.771 ms (0.0%)
[Performance] SyncVS.PostprocessSyncProject                                                                                  :        3 samples, Peak.  4.96 ms (2.6x), Avg.  1.92 ms, Total. 5.775 ms (0.0%)
[Performance] Application.ImportPackagesAndSetTemplateWhenCreatingProject                                                    :        1 samples, Peak.  19.2 ms (1.0x), Avg.  19.2 ms, Total. 19.19 ms (0.1%)
[Performance] Application.SyncCurrentColorSpace                                                                              :        1 samples, Peak.   330 ms (1.0x), Avg.   330 ms, Total. 330.1 ms (0.9%)
[Performance] Application.OnUsbDevicesChanged                                                                                :        1 samples, Peak.  4.44 ms (1.0x), Avg.  4.44 ms, Total. 4.439 ms (0.0%)
[Performance] Application.AssetInstanceCacheUpdate                                                                           :        1 samples, Peak.   200 ns (1.0x), Avg.   200 ns, Total. 200.0 ns (0.0%)
[Performance] Application.UnityExtensions.Initialize                                                                         :        1 samples, Peak.  8.18 ms (1.0x), Avg.  8.18 ms, Total. 8.182 ms (0.0%)
[Performance] CodeEditorProjectSync.SyncEditorProject                                                                        :        1 samples, Peak.   450 ms (1.0x), Avg.   450 ms, Total. 449.5 ms (1.2%)
[Performance] Application.ExecuteStartups                                                                                    :        1 samples, Peak.   302 ms (1.0x), Avg.   302 ms, Total. 301.8 ms (0.8%)
[Performance] Menu.RegisterMenuInterface                                                                                     :       26 samples, Peak.  2.80 us (8.8x), Avg.   319 ns, Total. 8.300 us (0.0%)
[Performance] Gizmo.RebuildRenderers                                                                                         :        2 samples, Peak.   299 ms (2.0x), Avg.   151 ms, Total. 301.9 ms (0.8%)
[Performance] Gizmo.AddGizmoRenderers                                                                                        :      182 samples, Peak.  1.73 ms (43.2x), Avg.  40.1 us, Total. 7.293 ms (0.0%)
[Performance] Application.editorInitializingProject                                                                          :        1 samples, Peak.  99.1 ms (1.0x), Avg.  99.1 ms, Total. 99.11 ms (0.3%)
[Performance] Application.InitializeMenu                                                                                     :        1 samples, Peak.   191 ms (1.0x), Avg.   191 ms, Total. 191.0 ms (0.5%)
[Performance] Menu.RebuildAll                                                                                                :        1 samples, Peak.   191 ms (1.0x), Avg.   191 ms, Total. 190.9 ms (0.5%)
[Performance] Menu.BuildRegisteredMenuInterfaces                                                                             :        1 samples, Peak.   167 ms (1.0x), Avg.   167 ms, Total. 167.1 ms (0.4%)
[Performance] Menu.FilterMenuItem                                                                                            :      895 samples, Peak.  89.8 ms (885.2x), Avg.   101 us, Total. 90.84 ms (0.2%)
[Performance] UpdateAllMenus                                                                                                 :        1 samples, Peak.   772 us (1.0x), Avg.   772 us, Total. 771.8 us (0.0%)
[Performance] Menu.RebuildOSMainMenu                                                                                         :        2 samples, Peak.  22.7 ms (1.6x), Avg.  14.2 ms, Total. 28.42 ms (0.1%)
[Performance] EditorSceneManager.sceneClosing: UnityEditor.SceneVisibilityManager.EditorSceneManagerOnSceneClosing           :        2 samples, Peak.   472 us (1.9x), Avg.   243 us, Total. 485.2 us (0.0%)
[Performance] EditorSceneManager.sceneClosed: HierarchyDecorator.HierarchyDecorator.RemoveScene                              :        2 samples, Peak.   872 us (2.0x), Avg.   440 us, Total. 879.5 us (0.0%)
[Performance] GUIView.RepaintAll.PlayerLoopController                                                                        :        2 samples, Peak.  1.70 us (1.1x), Avg.  1.50 us, Total. 3.000 us (0.0%)
[Performance] EditorSceneManager.newSceneCreated: UnityEditor.SceneTemplate.SceneTemplateService.OnNewSceneCreated           :        1 samples, Peak.   797 us (1.0x), Avg.   797 us, Total. 797.2 us (0.0%)
[Performance] EditorSceneManager.newSceneCreated: UnityEditor.SceneVisibilityManager.EditorSceneManagerOnNewSceneCreated     :        1 samples, Peak.   745 us (1.0x), Avg.   745 us, Total. 745.0 us (0.0%)
[Performance] EditorSceneManager.newSceneCreated: UnityEditor.SceneManagement.StageNavigationManager.OnNewSceneCreated       :        1 samples, Peak.   267 us (1.0x), Avg.   267 us, Total. 267.4 us (0.0%)
[Performance] Application.InvokeFinishedLoadingProject                                                                       :        1 samples, Peak.  20.0 ms (1.0x), Avg.  20.0 ms, Total. 20.00 ms (0.1%)
[Performance] ProcessService.OnProjectLoaded                                                                                 :        1 samples, Peak.   131 us (1.0x), Avg.   131 us, Total. 131.4 us (0.0%)
[Performance] VersionControl.Task.Wait                                                                                       :        1 samples, Peak.  19.2 us (1.0x), Avg.  19.2 us, Total. 19.20 us (0.0%)
[Performance] Inspector.InitOrRebuild                                                                                        :        2 samples, Peak.  5.19 ms (1.9x), Avg.  2.69 ms, Total. 5.389 ms (0.0%)
[Performance] StateMacroSavedEvent.OnWillSaveAssets                                                                          :        2 samples, Peak.   411 us (1.9x), Avg.   221 us, Total. 441.1 us (0.0%)
[Performance] FlowMacroSavedEvent.OnWillSaveAssets                                                                           :        2 samples, Peak.   281 us (1.9x), Avg.   144 us, Total. 288.6 us (0.0%)
[Performance] AssetModificationProcessor.OnWillSaveAssets                                                                    :        2 samples, Peak.   825 us (2.0x), Avg.   414 us, Total. 827.9 us (0.0%)
[Performance] BuilderAssetModificationProcessor.OnWillSaveAssets                                                             :        2 samples, Peak.  1.58 ms (2.0x), Avg.   794 us, Total. 1.588 ms (0.0%)
[Performance] TerrainModificationProcessor.OnWillSaveAssets                                                                  :        2 samples, Peak.  2.46 ms (2.0x), Avg.  1.23 ms, Total. 2.466 ms (0.0%)
[Performance] AssetDatabase.ImportAssets                                                                                     :        6 samples, Peak.   162 ms (4.2x), Avg.  38.7 ms, Total. 232.2 ms (0.6%)
[Performance] ShaderImporter.SourceAssetModified                                                                             :        2 samples, Peak.   800 ns (1.2x), Avg.   650 ns, Total. 1.300 us (0.0%)
[Performance] ShaderIncludeImporter.SourceAssetModified                                                                      :        2 samples, Peak.   800 ns (1.1x), Avg.   700 ns, Total. 1.400 us (0.0%)
[Performance] PresetManagerPostProcessor.OnPreprocessAsset                                                                   :        3 samples, Peak.   563 us (2.8x), Avg.   204 us, Total. 611.5 us (0.0%)
[Performance] CancelSplashScreenOnAssetChange.OnPreprocessAsset                                                              :        3 samples, Peak.   281 us (2.9x), Avg.  96.3 us, Total. 288.8 us (0.0%)
[Performance] ShaderGraphAssetPostProcessor.OnPreprocessAsset                                                                :        3 samples, Peak.   341 us (2.9x), Avg.   117 us, Total. 352.4 us (0.0%)
[Performance] TMPro_TexturePostProcessor.OnPostprocessAllAssets                                                              :        4 samples, Peak.   648 us (2.0x), Avg.   325 us, Total. 1.302 ms (0.0%)
[Performance] AssetPostprocessor.OnPostprocessAllAssets                                                                      :        4 samples, Peak.   465 us (2.0x), Avg.   234 us, Total. 937.2 us (0.0%)
[Performance] BuilderAssetPostprocessor.OnPostprocessAllAssets                                                               :        4 samples, Peak.  3.44 ms (2.0x), Avg.  1.76 ms, Total. 7.039 ms (0.0%)
[Performance] ArtifactBrowserPostProcessor.OnPostprocessAllAssets                                                            :        4 samples, Peak.   690 us (2.0x), Avg.   347 us, Total. 1.389 ms (0.0%)
[Performance] AssetEvents.OnPostprocessAllAssets                                                                             :        8 samples, Peak.   290 us (2.9x), Avg.  99.5 us, Total. 796.3 us (0.0%)
[Performance] AudioMixerPostprocessor.OnPostprocessAllAssets                                                                 :        4 samples, Peak.   579 us (2.0x), Avg.   291 us, Total. 1.162 ms (0.0%)
[Performance] StyleCatalogPostProcessor.OnPostprocessAllAssets                                                               :        4 samples, Peak.  33.8 ms (2.0x), Avg.  16.9 ms, Total. 67.72 ms (0.2%)
[Performance] BuildCatalog                                                                                                   :        1 samples, Peak.  32.5 ms (1.0x), Avg.  32.5 ms, Total. 32.46 ms (0.1%)
[Performance] ModelImporterPostProcessor.OnPostprocessAllAssets                                                              :        4 samples, Peak.  1.48 ms (2.0x), Avg.   750 us, Total. 3.002 ms (0.0%)
[Performance] MaterialPostprocessor.OnPostprocessAllAssets                                                                   :        8 samples, Peak.  1.05 ms (2.2x), Avg.   474 us, Total. 3.790 ms (0.0%)
[Performance] RetainedModeAssetPostprocessor.OnPostprocessAllAssets                                                          :        4 samples, Peak.  2.95 ms (2.0x), Avg.  1.49 ms, Total. 5.944 ms (0.0%)
[Performance] AssetChangedListener.OnPostprocessAllAssets                                                                    :        4 samples, Peak.  1.95 ms (1.7x), Avg.  1.16 ms, Total. 4.636 ms (0.0%)
[Performance] PostProcessor.OnPostprocessAllAssets                                                                           :        4 samples, Peak.   418 us (1.8x), Avg.   230 us, Total. 920.3 us (0.0%)
[Performance] ShaderGraphAssetPostProcessor.OnPostprocessAllAssets                                                           :        4 samples, Peak.  2.24 ms (1.8x), Avg.  1.22 ms, Total. 4.895 ms (0.0%)
[Performance] SpeedTreePostProcessor.OnPostprocessAllAssets                                                                  :        4 samples, Peak.   318 us (1.9x), Avg.   167 us, Total. 667.1 us (0.0%)
[Performance] TextAssetPostProcessor.OnPostprocessAllAssets                                                                  :        4 samples, Peak.   594 us (2.0x), Avg.   302 us, Total. 1.208 ms (0.0%)
[Performance] GenerateAssemblyTypeInfos                                                                                      :        2 samples, Peak.  53.5 ms (1.1x), Avg.  48.8 ms, Total. 97.65 ms (0.3%)
[Performance] AssetDatabase.Refresh                                                                                          :        1 samples, Peak.  11.2 ms (1.0x), Avg.  11.2 ms, Total. 11.23 ms (0.0%)
[Performance] EditorApplication.quitting: Unity.Burst.Editor.BurstLoader.OnEditorApplicationQuitting                         :        1 samples, Peak.  66.1 us (1.0x), Avg.  66.1 us, Total. 66.10 us (0.0%)
[Performance] EditorApplication.quitting: callback in UnityEditor.TextCore.Text.EditorEventCallbacks                         :        1 samples, Peak.  69.8 ms (1.0x), Avg.  69.8 ms, Total. 69.83 ms (0.2%)
[Performance] Killing ADB server                                                                                             :        1 samples, Peak.  93.3 ms (1.0x), Avg.  93.3 ms, Total. 93.33 ms (0.2%)
[Performance] Application.Shutdown.PauseProfilerSession                                                                      :        1 samples, Peak.  44.1 us (1.0x), Avg.  44.1 us, Total. 44.10 us (0.0%)
[Performance] Application.Shutdown.PauseAssetImportWorkers                                                                   :        1 samples, Peak.   546 us (1.0x), Avg.   546 us, Total. 546.0 us (0.0%)
[Performance] Application.Shutdown.SaveAssets                                                                                :        1 samples, Peak.  87.1 ms (1.0x), Avg.  87.1 ms, Total. 87.14 ms (0.2%)
[Performance] Application.Shutdown.CleanupRenderPipeline                                                                     :        1 samples, Peak.  3.30 us (1.0x), Avg.  3.30 us, Total. 3.300 us (0.0%)
[Performance] Application.Shutdown.StopPreloadManager                                                                        :        1 samples, Peak.  10.6 ms (1.0x), Avg.  10.6 ms, Total. 10.58 ms (0.0%)
[Performance] Application.Shutdown.DestroyWorld                                                                              :        1 samples, Peak.   924 us (1.0x), Avg.   924 us, Total. 924.1 us (0.0%)
[Performance] Application.Shutdown.CleanupAfterLoad                                                                          :        1 samples, Peak.   291 ms (1.0x), Avg.   291 ms, Total. 291.3 ms (0.8%)
[Performance] Application.Shutdown.Progress                                                                                  :        1 samples, Peak.  8.50 us (1.0x), Avg.  8.50 us, Total. 8.500 us (0.0%)
[Performance] Application.Shutdown.GICleanupManagers                                                                         :        1 samples, Peak.  1.39 ms (1.0x), Avg.  1.39 ms, Total. 1.393 ms (0.0%)
[Performance] Application.Shutdown.MenuCleanupClass                                                                          :        1 samples, Peak.   336 us (1.0x), Avg.   336 us, Total. 336.4 us (0.0%)
[Performance] Application.Shutdown.ADBSaveStateBeforeShutdown                                                                :        1 samples, Peak.  9.10 us (1.0x), Avg.  9.10 us, Total. 9.100 us (0.0%)
[Performance] Application.Shutdown.RemoteShutdown                                                                            :        1 samples, Peak.   700 ns (1.0x), Avg.   700 ns, Total. 700.0 ns (0.0%)
[Performance] Application.Shutdown.CleanupVCProvider                                                                         :        1 samples, Peak.  17.4 us (1.0x), Avg.  17.4 us, Total. 17.40 us (0.0%)
[Performance] Application.Shutdown.InputShutdown                                                                             :        1 samples, Peak.   500 ns (1.0x), Avg.   500 ns, Total. 500.0 ns (0.0%)
[Performance] Application.Shutdown.GizmoManagerDestroy                                                                       :        1 samples, Peak.   975 us (1.0x), Avg.   975 us, Total. 974.9 us (0.0%)
[Performance] Application.Shutdown.ProfilerSession                                                                           :        1 samples, Peak.   231 us (1.0x), Avg.   231 us, Total. 231.5 us (0.0%)
[Performance] Application.Shutdown.ReleaseGfxWindowOnAllGUIViews                                                             :        1 samples, Peak.   400 ns (1.0x), Avg.   400 ns, Total. 400.0 ns (0.0%)
[Performance] Application.Shutdown.CleanupEngine                                                                             :        1 samples, Peak.   174 ms (1.0x), Avg.   174 ms, Total. 173.5 ms (0.5%)
[Performance] Application.Shutdown.CleanupAssetDatabase                                                                      :        1 samples, Peak.  30.5 ms (1.0x), Avg.  30.5 ms, Total. 30.47 ms (0.1%)
[Performance] Application.Shutdown.ScriptCompilationCleanUp                                                                  :        1 samples, Peak.  21.5 ms (1.0x), Avg.  21.5 ms, Total. 21.46 ms (0.1%)
[Performance] Application.Shutdown.DestroyJobSystem                                                                          :        1 samples, Peak.   180 us (1.0x), Avg.   180 us, Total. 180.3 us (0.0%)
[Performance] Application.Shutdown.CleanupPersistentManager                                                                  :        1 samples, Peak.  3.43 ms (1.0x), Avg.  3.43 ms, Total. 3.428 ms (0.0%)
[Performance] Application.Shutdown.CleanupAsyncReadManager                                                                   :        1 samples, Peak.   400 us (1.0x), Avg.   400 us, Total. 399.9 us (0.0%)
[Performance] Application.Shutdown.CleanupProgressBar                                                                        :        1 samples, Peak.   700 ns (1.0x), Avg.   700 ns, Total. 700.0 ns (0.0%)
[Performance] Application.Shutdown.CleanupMono                                                                               :        1 samples, Peak.   275 ms (1.0x), Avg.   275 ms, Total. 274.9 ms (0.7%)
[Performance] Application.Shutdown.CleanupStdConverters                                                                      :        1 samples, Peak.  26.4 us (1.0x), Avg.  26.4 us, Total. 26.40 us (0.0%)
[Performance] Application.Shutdown.UnloadAllPlatformSupportModuleNativeDlls                                                  :        1 samples, Peak.   900 ns (1.0x), Avg.   900 ns, Total. 900.0 ns (0.0%)
[Performance] Application.Shutdown.UnloadAllPlatformSupportNativeLibraries                                                   :        1 samples, Peak.   400 ns (1.0x), Avg.   400 ns, Total. 400.0 ns (0.0%)
[Performance] Application.Shutdown.CleanupAutoDocumentation                                                                  :        1 samples, Peak.  1.31 ms (1.0x), Avg.  1.31 ms, Total. 1.309 ms (0.0%)
[Performance] Application.Shutdown.ShaderNameManagerDestroy                                                                  :        1 samples, Peak.   164 us (1.0x), Avg.   164 us, Total. 163.7 us (0.0%)
[Performance] Application.Shutdown.CleanupCacheServer                                                                        :        1 samples, Peak.   400 ns (1.0x), Avg.   400 ns, Total. 400.0 ns (0.0%)
[Performance] Application.Shutdown.Virtualization_Shutdown                                                                   :        1 samples, Peak.   800 ns (1.0x), Avg.   800 ns, Total. 800.0 ns (0.0%)
[Performance] Application.Shutdown.DevConnections                                                                            :        1 samples, Peak.   245 us (1.0x), Avg.   245 us, Total. 244.6 us (0.0%)
Exiting batchmode successfully now!
Exiting without the bug reporter. Application will terminate with return code 0